<?xml version="1.0" encoding="UTF-8"?>
<!-- Generated by org.testng.reporters.JUnitXMLReporter -->
<testsuite hostname="Admin-PC" ignored="0" name="Test" tests="1" failures="1" timestamp="19 Aug 2018 06:36:29 GMT" time="39.667" errors="0">
  <testcase name="registatrion" time="1.849" classname="Steps.FBSignupScript">
    <failure type="java.lang.NullPointerException">
      <![CDATA[java.lang.NullPointerExceptionat Steps.BaseClass.userType(BaseClass.java:86)at Steps.FBSignupScript.registatrion(FBSignupScript.java:19)... Removed 25 stack frames]]>
    </failure>
  </testcase> <!-- registatrion -->
</testsuite> <!-- Test -->
